# JRE version: OpenJDK Runtime Environment (8.0_242-b08) (build 1.8.0_242-b08)
# Java VM: OpenJDK 64-Bit Server VM (25.242-b08 mixed mode linux-amd64 compressed oops)
Heap:
 PSYoungGen      total 267264K, used 21473K [0x00000000eab00000, 0x00000000fe980000, 0x0000000100000000)
  eden space 245760K, 0% used [0x00000000eab00000,0x00000000eab00000,0x00000000f9b00000)
  from space 21504K, 99% used [0x00000000fd480000,0x00000000fe9785d8,0x00000000fe980000)
  to   space 10240K, 0% used [0x00000000f9b00000,0x00000000f9b00000,0x00000000fa500000)
 ParOldGen       total 101376K, used 69685K [0x00000000c0000000, 0x00000000c6300000, 0x00000000eab00000)
  object space 101376K, 68% used [0x00000000c0000000,0x00000000c440d550,0x00000000c6300000)
 Metaspace       used 71916K, capacity 72408K, committed 72792K, reserved 1112064K
  class space    used 9881K, capacity 10003K, committed 10112K, reserved 1048576K
GC Heap History (29 events):
Event: 0.598 GC heap before
{Heap before GC invocations=1 (full 0):
 PSYoungGen      total 17920K, used 15360K [0x00000000eab00000, 0x00000000ebf00000, 0x0000000100000000)
  eden space 15360K, 100% used [0x00000000eab00000,0x00000000eba00000,0x00000000eba00000)
  from space 2560K, 0% used [0x00000000ebc80000,0x00000000ebc80000,0x00000000ebf00000)
  to   space 2560K, 0% used [0x00000000eba00000,0x00000000eba00000,0x00000000ebc80000)
 ParOldGen       total 40960K, used 0K [0x00000000c0000000, 0x00000000c2800000, 0x00000000eab00000)
  object space 40960K, 0% used [0x00000000c0000000,0x00000000c0000000,0x00000000c2800000)
 Metaspace       used 4792K, capacity 5836K, committed 6016K, reserved 1056768K
  class space    used 493K, capacity 584K, committed 640K, reserved 1048576K
Event: 0.607 GC heap after
Heap after GC invocations=1 (full 0):
 PSYoungGen      total 17920K, used 2515K [0x00000000eab00000, 0x00000000ece00000, 0x0000000100000000)
  eden space 15360K, 0% used [0x00000000eab00000,0x00000000eab00000,0x00000000eba00000)
  from space 2560K, 98% used [0x00000000eba00000,0x00000000ebc74d88,0x00000000ebc80000)
  to   space 2560K, 0% used [0x00000000ecb80000,0x00000000ecb80000,0x00000000ece00000)
 ParOldGen       total 40960K, used 0K [0x00000000c0000000, 0x00000000c2800000, 0x00000000eab00000)
  object space 40960K, 0% used [0x00000000c0000000,0x00000000c0000000,0x00000000c2800000)
 Metaspace       used 4792K, capacity 5836K, committed 6016K, reserved 1056768K
  class space    used 493K, capacity 584K, committed 640K, reserved 1048576K
}
Event: 0.938 GC heap before
{Heap before GC invocations=2 (full 0):
 PSYoungGen      total 17920K, used 17875K [0x00000000eab00000, 0x00000000ece00000, 0x0000000100000000)
  eden space 15360K, 100% used [0x00000000eab00000,0x00000000eba00000,0x00000000eba00000)
  from space 2560K, 98% used [0x00000000eba00000,0x00000000ebc74d88,0x00000000ebc80000)
  to   space 2560K, 0% used [0x00000000ecb80000,0x00000000ecb80000,0x00000000ece00000)
 ParOldGen       total 40960K, used 0K [0x00000000c0000000, 0x00000000c2800000, 0x00000000eab00000)
  object space 40960K, 0% used [0x00000000c0000000,0x00000000c0000000,0x00000000c2800000)
 Metaspace       used 7702K, capacity 7828K, committed 8064K, reserved 1056768K
  class space    used 1017K, capacity 1040K, committed 1152K, reserved 1048576K
Event: 0.942 GC heap after
Heap after GC invocations=2 (full 0):
 PSYoungGen      total 33280K, used 2530K [0x00000000eab00000, 0x00000000ece00000, 0x0000000100000000)
  eden space 30720K, 0% used [0x00000000eab00000,0x00000000eab00000,0x00000000ec900000)
  from space 2560K, 98% used [0x00000000ecb80000,0x00000000ecdf8810,0x00000000ece00000)
  to   space 2560K, 0% used [0x00000000ec900000,0x00000000ec900000,0x00000000ecb80000)
 ParOldGen       total 40960K, used 402K [0x00000000c0000000, 0x00000000c2800000, 0x00000000eab00000)
  object space 40960K, 0% used [0x00000000c0000000,0x00000000c0064910,0x00000000c2800000)
 Metaspace       used 7702K, capacity 7828K, committed 8064K, reserved 1056768K
  class space    used 1017K, capacity 1040K, committed 1152K, reserved 1048576K
}
Event: 1.490 GC heap before
{Heap before GC invocations=3 (full 0):
 PSYoungGen      total 33280K, used 33250K [0x00000000eab00000, 0x00000000ece00000, 0x0000000100000000)
  eden space 30720K, 100% used [0x00000000eab00000,0x00000000ec900000,0x00000000ec900000)
  from space 2560K, 98% used [0x00000000ecb80000,0x00000000ecdf8810,0x00000000ece00000)
  to   space 2560K, 0% used [0x00000000ec900000,0x00000000ec900000,0x00000000ecb80000)
 ParOldGen       total 40960K, used 402K [0x00000000c0000000, 0x00000000c2800000, 0x00000000eab00000)
  object space 40960K, 0% used [0x00000000c0000000,0x00000000c0064910,0x00000000c2800000)
 Metaspace       used 11455K, capacity 11576K, committed 11904K, reserved 1058816K
  class space    used 1549K, capacity 1584K, committed 1664K, reserved 1048576K
Event: 1.496 GC heap after
Heap after GC invocations=3 (full 0):
 PSYoungGen      total 33280K, used 2555K [0x00000000eab00000, 0x00000000eec00000, 0x0000000100000000)
  eden space 30720K, 0% used [0x00000000eab00000,0x00000000eab00000,0x00000000ec900000)
  from space 2560K, 99% used [0x00000000ec900000,0x00000000ecb7ece8,0x00000000ecb80000)
  to   space 2560K, 0% used [0x00000000ee980000,0x00000000ee980000,0x00000000eec00000)
 ParOldGen       total 40960K, used 1954K [0x00000000c0000000, 0x00000000c2800000, 0x00000000eab00000)
  object space 40960K, 4% used [0x00000000c0000000,0x00000000c01e8aa0,0x00000000c2800000)
 Metaspace       used 11455K, capacity 11576K, committed 11904K, reserved 1058816K
  class space    used 1549K, capacity 1584K, committed 1664K, reserved 1048576K
}
Event: 2.040 GC heap before
{Heap before GC invocations=4 (full 0):
 PSYoungGen      total 33280K, used 33275K [0x00000000eab00000, 0x00000000eec00000, 0x0000000100000000)
  eden space 30720K, 100% used [0x00000000eab00000,0x00000000ec900000,0x00000000ec900000)
  from space 2560K, 99% used [0x00000000ec900000,0x00000000ecb7ece8,0x00000000ecb80000)
  to   space 2560K, 0% used [0x00000000ee980000,0x00000000ee980000,0x00000000eec00000)
 ParOldGen       total 40960K, used 1954K [0x00000000c0000000, 0x00000000c2800000, 0x00000000eab00000)
  object space 40960K, 4% used [0x00000000c0000000,0x00000000c01e8aa0,0x00000000c2800000)
 Metaspace       used 15180K, capacity 15256K, committed 15488K, reserved 1062912K
  class space    used 2119K, capacity 2128K, committed 2176K, reserved 1048576K
Event: 2.052 GC heap after
Heap after GC invocations=4 (full 0):
 PSYoungGen      total 64000K, used 2528K [0x00000000eab00000, 0x00000000eec00000, 0x0000000100000000)
  eden space 61440K, 0% used [0x00000000eab00000,0x00000000eab00000,0x00000000ee700000)
  from space 2560K, 98% used [0x00000000ee980000,0x00000000eebf8010,0x00000000eec00000)
  to   space 2560K, 0% used [0x00000000ee700000,0x00000000ee700000,0x00000000ee980000)
 ParOldGen       total 40960K, used 4563K [0x00000000c0000000, 0x00000000c2800000, 0x00000000eab00000)
  object space 40960K, 11% used [0x00000000c0000000,0x00000000c0474f90,0x00000000c2800000)
 Metaspace       used 15180K, capacity 15256K, committed 15488K, reserved 1062912K
  class space    used 2119K, capacity 2128K, committed 2176K, reserved 1048576K
}
Event: 3.154 GC heap before
{Heap before GC invocations=5 (full 0):
 PSYoungGen      total 64000K, used 63968K [0x00000000eab00000, 0x00000000eec00000, 0x0000000100000000)
  eden space 61440K, 100% used [0x00000000eab00000,0x00000000ee700000,0x00000000ee700000)
  from space 2560K, 98% used [0x00000000ee980000,0x00000000eebf8010,0x00000000eec00000)
  to   space 2560K, 0% used [0x00000000ee700000,0x00000000ee700000,0x00000000ee980000)
 ParOldGen       total 40960K, used 4563K [0x00000000c0000000, 0x00000000c2800000, 0x00000000eab00000)
  object space 40960K, 11% used [0x00000000c0000000,0x00000000c0474f90,0x00000000c2800000)
 Metaspace       used 20038K, capacity 20260K, committed 20480K, reserved 1067008K
  class space    used 2715K, capacity 2790K, committed 2816K, reserved 1048576K
Event: 3.168 GC heap after
Heap after GC invocations=5 (full 0):
 PSYoungGen      total 64000K, used 2544K [0x00000000eab00000, 0x00000000f3200000, 0x0000000100000000)
  eden space 61440K, 0% used [0x00000000eab00000,0x00000000eab00000,0x00000000ee700000)
  from space 2560K, 99% used [0x00000000ee700000,0x00000000ee97c020,0x00000000ee980000)
  to   space 7680K, 0% used [0x00000000f2a80000,0x00000000f2a80000,0x00000000f3200000)
 ParOldGen       total 40960K, used 8796K [0x00000000c0000000, 0x00000000c2800000, 0x00000000eab00000)
  object space 40960K, 21% used [0x00000000c0000000,0x00000000c08971c0,0x00000000c2800000)
 Metaspace       used 20038K, capacity 20260K, committed 20480K, reserved 1067008K
  class space    used 2715K, capacity 2790K, committed 2816K, reserved 1048576K
}
Event: 3.284 GC heap before
{Heap before GC invocations=6 (full 0):
 PSYoungGen      total 64000K, used 11016K [0x00000000eab00000, 0x00000000f3200000, 0x0000000100000000)
  eden space 61440K, 13% used [0x00000000eab00000,0x00000000eb346328,0x00000000ee700000)
  from space 2560K, 99% used [0x00000000ee700000,0x00000000ee97c020,0x00000000ee980000)
  to   space 7680K, 0% used [0x00000000f2a80000,0x00000000f2a80000,0x00000000f3200000)
 ParOldGen       total 40960K, used 8796K [0x00000000c0000000, 0x00000000c2800000, 0x00000000eab00000)
  object space 40960K, 21% used [0x00000000c0000000,0x00000000c08971c0,0x00000000c2800000)
 Metaspace       used 20952K, capacity 21092K, committed 21296K, reserved 1067008K
  class space    used 2853K, capacity 2918K, committed 2944K, reserved 1048576K
Event: 3.291 GC heap after
Heap after GC invocations=6 (full 0):
 PSYoungGen      total 129536K, used 3441K [0x00000000eab00000, 0x00000000f3100000, 0x0000000100000000)
  eden space 122880K, 0% used [0x00000000eab00000,0x00000000eab00000,0x00000000f2300000)
  from space 6656K, 51% used [0x00000000f2a80000,0x00000000f2ddc7a0,0x00000000f3100000)
  to   space 7168K, 0% used [0x00000000f2300000,0x00000000f2300000,0x00000000f2a00000)
 ParOldGen       total 40960K, used 8796K [0x00000000c0000000, 0x00000000c2800000, 0x00000000eab00000)
  object space 40960K, 21% used [0x00000000c0000000,0x00000000c08971c0,0x00000000c2800000)
 Metaspace       used 20952K, capacity 21092K, committed 21296K, reserved 1067008K
  class space    used 2853K, capacity 2918K, committed 2944K, reserved 1048576K
}
Event: 3.292 GC heap before
{Heap before GC invocations=7 (full 1):
 PSYoungGen      total 129536K, used 3441K [0x00000000eab00000, 0x00000000f3100000, 0x0000000100000000)
  eden space 122880K, 0% used [0x00000000eab00000,0x00000000eab00000,0x00000000f2300000)
  from space 6656K, 51% used [0x00000000f2a80000,0x00000000f2ddc7a0,0x00000000f3100000)
  to   space 7168K, 0% used [0x00000000f2300000,0x00000000f2300000,0x00000000f2a00000)
 ParOldGen       total 40960K, used 8796K [0x00000000c0000000, 0x00000000c2800000, 0x00000000eab00000)
  object space 40960K, 21% used [0x00000000c0000000,0x00000000c08971c0,0x00000000c2800000)
 Metaspace       used 20952K, capacity 21092K, committed 21296K, reserved 1067008K
  class space    used 2853K, capacity 2918K, committed 2944K, reserved 1048576K
Event: 3.331 GC heap after
Heap after GC invocations=7 (full 1):
 PSYoungGen      total 129536K, used 0K [0x00000000eab00000, 0x00000000f3100000, 0x0000000100000000)
  eden space 122880K, 0% used [0x00000000eab00000,0x00000000eab00000,0x00000000f2300000)
  from space 6656K, 0% used [0x00000000f2a80000,0x00000000f2a80000,0x00000000f3100000)
  to   space 7168K, 0% used [0x00000000f2300000,0x00000000f2300000,0x00000000f2a00000)
 ParOldGen       total 32768K, used 7529K [0x00000000c0000000, 0x00000000c2000000, 0x00000000eab00000)
  object space 32768K, 22% used [0x00000000c0000000,0x00000000c075a6f0,0x00000000c2000000)
 Metaspace       used 20952K, capacity 21092K, committed 21296K, reserved 1067008K
  class space    used 2853K, capacity 2918K, committed 2944K, reserved 1048576K
}
Event: 4.876 GC heap before
{Heap before GC invocations=8 (full 1):
 PSYoungGen      total 129536K, used 122880K [0x00000000eab00000, 0x00000000f3100000, 0x0000000100000000)
  eden space 122880K, 100% used [0x00000000eab00000,0x00000000f2300000,0x00000000f2300000)
  from space 6656K, 0% used [0x00000000f2a80000,0x00000000f2a80000,0x00000000f3100000)
  to   space 7168K, 0% used [0x00000000f2300000,0x00000000f2300000,0x00000000f2a00000)
 ParOldGen       total 32768K, used 7529K [0x00000000c0000000, 0x00000000c2000000, 0x00000000eab00000)
  object space 32768K, 22% used [0x00000000c0000000,0x00000000c075a6f0,0x00000000c2000000)
 Metaspace       used 30906K, capacity 31096K, committed 31488K, reserved 1077248K
  class space    used 4185K, capacity 4242K, committed 4352K, reserved 1048576K
Event: 4.896 GC heap after
Heap after GC invocations=8 (full 1):
 PSYoungGen      total 130048K, used 7152K [0x00000000eab00000, 0x00000000f8680000, 0x0000000100000000)
  eden space 122880K, 0% used [0x00000000eab00000,0x00000000eab00000,0x00000000f2300000)
  from space 7168K, 99% used [0x00000000f2300000,0x00000000f29fc138,0x00000000f2a00000)
  to   space 10752K, 0% used [0x00000000f7c00000,0x00000000f7c00000,0x00000000f8680000)
 ParOldGen       total 32768K, used 11732K [0x00000000c0000000, 0x00000000c2000000, 0x00000000eab00000)
  object space 32768K, 35% used [0x00000000c0000000,0x00000000c0b75380,0x00000000c2000000)
 Metaspace       used 30906K, capacity 31096K, committed 31488K, reserved 1077248K
  class space    used 4185K, capacity 4242K, committed 4352K, reserved 1048576K
}
Event: 5.426 GC heap before
{Heap before GC invocations=9 (full 1):
 PSYoungGen      total 130048K, used 83599K [0x00000000eab00000, 0x00000000f8680000, 0x0000000100000000)
  eden space 122880K, 62% used [0x00000000eab00000,0x00000000ef5a7be0,0x00000000f2300000)
  from space 7168K, 99% used [0x00000000f2300000,0x00000000f29fc138,0x00000000f2a00000)
  to   space 10752K, 0% used [0x00000000f7c00000,0x00000000f7c00000,0x00000000f8680000)
 ParOldGen       total 32768K, used 11732K [0x00000000c0000000, 0x00000000c2000000, 0x00000000eab00000)
  object space 32768K, 35% used [0x00000000c0000000,0x00000000c0b75380,0x00000000c2000000)
 Metaspace       used 35078K, capacity 35288K, committed 35456K, reserved 1079296K
  class space    used 4650K, capacity 4722K, committed 4736K, reserved 1048576K
Event: 5.445 GC heap after
Heap after GC invocations=9 (full 1):
 PSYoungGen      total 214016K, used 7080K [0x00000000eab00000, 0x00000000f8a80000, 0x0000000100000000)
  eden space 203264K, 0% used [0x00000000eab00000,0x00000000eab00000,0x00000000f7180000)
  from space 10752K, 65% used [0x00000000f7c00000,0x00000000f82ea2d8,0x00000000f8680000)
  to   space 10752K, 0% used [0x00000000f7180000,0x00000000f7180000,0x00000000f7c00000)
 ParOldGen       total 32768K, used 11732K [0x00000000c0000000, 0x00000000c2000000, 0x00000000eab00000)
  object space 32768K, 35% used [0x00000000c0000000,0x00000000c0b75380,0x00000000c2000000)
 Metaspace       used 35078K, capacity 35288K, committed 35456K, reserved 1079296K
  class space    used 4650K, capacity 4722K, committed 4736K, reserved 1048576K
}
Event: 5.445 GC heap before
{Heap before GC invocations=10 (full 2):
 PSYoungGen      total 214016K, used 7080K [0x00000000eab00000, 0x00000000f8a80000, 0x0000000100000000)
  eden space 203264K, 0% used [0x00000000eab00000,0x00000000eab00000,0x00000000f7180000)
  from space 10752K, 65% used [0x00000000f7c00000,0x00000000f82ea2d8,0x00000000f8680000)
  to   space 10752K, 0% used [0x00000000f7180000,0x00000000f7180000,0x00000000f7c00000)
 ParOldGen       total 32768K, used 11732K [0x00000000c0000000, 0x00000000c2000000, 0x00000000eab00000)
  object space 32768K, 35% used [0x00000000c0000000,0x00000000c0b75380,0x00000000c2000000)
 Metaspace       used 35078K, capacity 35288K, committed 35456K, reserved 1079296K
  class space    used 4650K, capacity 4722K, committed 4736K, reserved 1048576K
Event: 5.557 GC heap after
Heap after GC invocations=10 (full 2):
 PSYoungGen      total 214016K, used 0K [0x00000000eab00000, 0x00000000f8a80000, 0x0000000100000000)
  eden space 203264K, 0% used [0x00000000eab00000,0x00000000eab00000,0x00000000f7180000)
  from space 10752K, 0% used [0x00000000f7c00000,0x00000000f7c00000,0x00000000f8680000)
  to   space 10752K, 0% used [0x00000000f7180000,0x00000000f7180000,0x00000000f7c00000)
 ParOldGen       total 47616K, used 10223K [0x00000000c0000000, 0x00000000c2e80000, 0x00000000eab00000)
  object space 47616K, 21% used [0x00000000c0000000,0x00000000c09fbf88,0x00000000c2e80000)
 Metaspace       used 35078K, capacity 35288K, committed 35456K, reserved 1079296K
  class space    used 4650K, capacity 4722K, committed 4736K, reserved 1048576K
}
Event: 13.019 GC heap before
{Heap before GC invocations=11 (full 2):
 PSYoungGen      total 214016K, used 203264K [0x00000000eab00000, 0x00000000f8a80000, 0x0000000100000000)
  eden space 203264K, 100% used [0x00000000eab00000,0x00000000f7180000,0x00000000f7180000)
  from space 10752K, 0% used [0x00000000f7c00000,0x00000000f7c00000,0x00000000f8680000)
  to   space 10752K, 0% used [0x00000000f7180000,0x00000000f7180000,0x00000000f7c00000)
 ParOldGen       total 47616K, used 10223K [0x00000000c0000000, 0x00000000c2e80000, 0x00000000eab00000)
  object space 47616K, 21% used [0x00000000c0000000,0x00000000c09fbf88,0x00000000c2e80000)
 Metaspace       used 40378K, capacity 40602K, committed 40960K, reserved 1085440K
  class space    used 5220K, capacity 5299K, committed 5376K, reserved 1048576K
Event: 13.034 GC heap after
Heap after GC invocations=11 (full 2):
 PSYoungGen      total 214016K, used 6892K [0x00000000eab00000, 0x00000000fb500000, 0x0000000100000000)
  eden space 203264K, 0% used [0x00000000eab00000,0x00000000eab00000,0x00000000f7180000)
  from space 10752K, 64% used [0x00000000f7180000,0x00000000f783b300,0x00000000f7c00000)
  to   space 10752K, 0% used [0x00000000faa80000,0x00000000faa80000,0x00000000fb500000)
 ParOldGen       total 47616K, used 10231K [0x00000000c0000000, 0x00000000c2e80000, 0x00000000eab00000)
  object space 47616K, 21% used [0x00000000c0000000,0x00000000c09fdf88,0x00000000c2e80000)
 Metaspace       used 40378K, capacity 40602K, committed 40960K, reserved 1085440K
  class space    used 5220K, capacity 5299K, committed 5376K, reserved 1048576K
}
Event: 24.517 GC heap before
{Heap before GC invocations=12 (full 2):
 PSYoungGen      total 214016K, used 210156K [0x00000000eab00000, 0x00000000fb500000, 0x0000000100000000)
  eden space 203264K, 100% used [0x00000000eab00000,0x00000000f7180000,0x00000000f7180000)
  from space 10752K, 64% used [0x00000000f7180000,0x00000000f783b300,0x00000000f7c00000)
  to   space 10752K, 0% used [0x00000000faa80000,0x00000000faa80000,0x00000000fb500000)
 ParOldGen       total 47616K, used 10231K [0x00000000c0000000, 0x00000000c2e80000, 0x00000000eab00000)
  object space 47616K, 21% used [0x00000000c0000000,0x00000000c09fdf88,0x00000000c2e80000)
 Metaspace       used 43317K, capacity 43552K, committed 43904K, reserved 1087488K
  class space    used 5603K, capacity 5684K, committed 5760K, reserved 1048576K
Event: 24.528 GC heap after
Heap after GC invocations=12 (full 2):
 PSYoungGen      total 247808K, used 4419K [0x00000000eab00000, 0x00000000faf00000, 0x0000000100000000)
  eden space 243200K, 0% used [0x00000000eab00000,0x00000000eab00000,0x00000000f9880000)
  from space 4608K, 95% used [0x00000000faa80000,0x00000000faed0d48,0x00000000faf00000)
  to   space 10240K, 0% used [0x00000000f9b00000,0x00000000f9b00000,0x00000000fa500000)
 ParOldGen       total 47616K, used 10239K [0x00000000c0000000, 0x00000000c2e80000, 0x00000000eab00000)
  object space 47616K, 21% used [0x00000000c0000000,0x00000000c09fff88,0x00000000c2e80000)
 Metaspace       used 43317K, capacity 43552K, committed 43904K, reserved 1087488K
  class space    used 5603K, capacity 5684K, committed 5760K, reserved 1048576K
}
Event: 69.341 GC heap before
{Heap before GC invocations=13 (full 2):
 PSYoungGen      total 247808K, used 200177K [0x00000000eab00000, 0x00000000faf00000, 0x0000000100000000)
  eden space 243200K, 80% used [0x00000000eab00000,0x00000000f6a2b6d0,0x00000000f9880000)
  from space 4608K, 95% used [0x00000000faa80000,0x00000000faed0d48,0x00000000faf00000)
  to   space 10240K, 0% used [0x00000000f9b00000,0x00000000f9b00000,0x00000000fa500000)
 ParOldGen       total 47616K, used 10239K [0x00000000c0000000, 0x00000000c2e80000, 0x00000000eab00000)
  object space 47616K, 21% used [0x00000000c0000000,0x00000000c09fff88,0x00000000c2e80000)
 Metaspace       used 58612K, capacity 58832K, committed 59096K, reserved 1099776K
  class space    used 7835K, capacity 7920K, committed 7936K, reserved 1048576K
Event: 69.419 GC heap after
Heap after GC invocations=13 (full 2):
 PSYoungGen      total 256000K, used 10233K [0x00000000eab00000, 0x00000000fe980000, 0x0000000100000000)
  eden space 245760K, 0% used [0x00000000eab00000,0x00000000eab00000,0x00000000f9b00000)
  from space 10240K, 99% used [0x00000000f9b00000,0x00000000fa4fe6f8,0x00000000fa500000)
  to   space 21504K, 0% used [0x00000000fd480000,0x00000000fd480000,0x00000000fe980000)
 ParOldGen       total 47616K, used 37095K [0x00000000c0000000, 0x00000000c2e80000, 0x00000000eab00000)
  object space 47616K, 77% used [0x00000000c0000000,0x00000000c2439e50,0x00000000c2e80000)
 Metaspace       used 58612K, capacity 58832K, committed 59096K, reserved 1099776K
  class space    used 7835K, capacity 7920K, committed 7936K, reserved 1048576K
}
Event: 69.419 GC heap before
{Heap before GC invocations=14 (full 3):
 PSYoungGen      total 256000K, used 10233K [0x00000000eab00000, 0x00000000fe980000, 0x0000000100000000)
  eden space 245760K, 0% used [0x00000000eab00000,0x00000000eab00000,0x00000000f9b00000)
  from space 10240K, 99% used [0x00000000f9b00000,0x00000000fa4fe6f8,0x00000000fa500000)
  to   space 21504K, 0% used [0x00000000fd480000,0x00000000fd480000,0x00000000fe980000)
 ParOldGen       total 47616K, used 37095K [0x00000000c0000000, 0x00000000c2e80000, 0x00000000eab00000)
  object space 47616K, 77% used [0x00000000c0000000,0x00000000c2439e50,0x00000000c2e80000)
 Metaspace       used 58612K, capacity 58832K, committed 59096K, reserved 1099776K
  class space    used 7835K, capacity 7920K, committed 7936K, reserved 1048576K
Event: 69.667 GC heap after
Heap after GC invocations=14 (full 3):
 PSYoungGen      total 256000K, used 0K [0x00000000eab00000, 0x00000000fe980000, 0x0000000100000000)
  eden space 245760K, 0% used [0x00000000eab00000,0x00000000eab00000,0x00000000f9b00000)
  from space 10240K, 0% used [0x00000000f9b00000,0x00000000f9b00000,0x00000000fa500000)
  to   space 21504K, 0% used [0x00000000fd480000,0x00000000fd480000,0x00000000fe980000)
 ParOldGen       total 101376K, used 42377K [0x00000000c0000000, 0x00000000c6300000, 0x00000000eab00000)
  object space 101376K, 41% used [0x00000000c0000000,0x00000000c29627a0,0x00000000c6300000)
 Metaspace       used 58612K, capacity 58832K, committed 59096K, reserved 1099776K
  class space    used 7835K, capacity 7920K, committed 7936K, reserved 1048576K
}
Event: 695.649 GC heap before
{Heap before GC invocations=15 (full 3):
 PSYoungGen      total 256000K, used 233585K [0x00000000eab00000, 0x00000000fe980000, 0x0000000100000000)
  eden space 245760K, 95% used [0x00000000eab00000,0x00000000f8f1c698,0x00000000f9b00000)
  from space 10240K, 0% used [0x00000000f9b00000,0x00000000f9b00000,0x00000000fa500000)
  to   space 21504K, 0% used [0x00000000fd480000,0x00000000fd480000,0x00000000fe980000)
 ParOldGen       total 101376K, used 42377K [0x00000000c0000000, 0x00000000c6300000, 0x00000000eab00000)
  object space 101376K, 41% used [0x00000000c0000000,0x00000000c29627a0,0x00000000c6300000)
 Metaspace       used 71916K, capacity 72408K, committed 72792K, reserved 1112064K
  class space    used 9881K, capacity 10003K, committed 10112K, reserved 1048576K

